EO-GameSDK/build/outputs/logs/manifest-merger-debug-report.txt
-- Merging decision tree log ---
manifest
ADDED from EO-GameSDK\AndroidManifest.xml:1:1-167:12
INJECTED from EO-GameSDK\AndroidManifest.xml:1:1-167:12
INJECTED from EO-GameSDK\AndroidManifest.xml:1:1-167:12
	package
		ADDED from EO-GameSDK\AndroidManifest.xml:2:5-31
		INJECTED from EO-GameSDK\AndroidManifest.xml
		INJECTED from EO-GameSDK\AndroidManifest.xml
	xmlns:android
		ADDED from EO-GameSDK\AndroidManifest.xml:1:11-69
uses-permission#android.permission.INTERNET
ADDED from EO-GameSDK\AndroidManifest.xml:4:5-67
	android:name
		ADDED from EO-GameSDK\AndroidManifest.xml:4:22-64
uses-permission#android.permission.ACCESS_WIFI_STATE
ADDED from EO-GameSDK\AndroidManifest.xml:5:5-76
	android:name
		ADDED from EO-GameSDK\AndroidManifest.xml:5:22-73
uses-permission#android.permission.ACCESS_NETWORK_STATE
ADDED from EO-GameSDK\AndroidManifest.xml:6:5-79
	android:name
		ADDED from EO-GameSDK\AndroidManifest.xml:6:22-76
uses-permission#android.permission.CHANGE_CONFIGURATION
ADDED from EO-GameSDK\AndroidManifest.xml:7:5-79
	android:name
		ADDED from EO-GameSDK\AndroidManifest.xml:7:22-76
uses-permission#android.permission.READ_PHONE_STATE
ADDED from EO-GameSDK\AndroidManifest.xml:8:5-75
	android:name
		ADDED from EO-GameSDK\AndroidManifest.xml:8:22-72
uses-permission#com.android.vending.BILLING
ADDED from EO-GameSDK\AndroidManifest.xml:10:5-67
	android:name
		ADDED from EO-GameSDK\AndroidManifest.xml:10:22-64
uses-permission#android.permission.BLUETOOTH
ADDED from EO-GameSDK\AndroidManifest.xml:12:5-67
	android:name
		ADDED from EO-GameSDK\AndroidManifest.xml:12:22-65
uses-permission#android.permission.GET_ACCOUNTS
ADDED from EO-GameSDK\AndroidManifest.xml:13:5-71
	android:name
		ADDED from EO-GameSDK\AndroidManifest.xml:13:22-68
application
ADDED from EO-GameSDK\AndroidManifest.xml:19:5-165:19
	android:label
		ADDED from EO-GameSDK\AndroidManifest.xml:20:9-41
	android:usesCleartextTraffic
		ADDED from EO-GameSDK\AndroidManifest.xml:21:9-44
meta-data#com.facebook.sdk.ApplicationId
ADDED from EO-GameSDK\AndroidManifest.xml:24:9-26:55
	android:value
		ADDED from EO-GameSDK\AndroidManifest.xml:26:13-52
	android:name
		ADDED from EO-GameSDK\AndroidManifest.xml:25:13-58
activity#com.eogame.activity.EOAccountActivity
ADDED from EO-GameSDK\AndroidManifest.xml:28:9-32:54
	android:screenOrientation
		ADDED from EO-GameSDK\AndroidManifest.xml:31:13-50
	android:configChanges
		ADDED from EO-GameSDK\AndroidManifest.xml:30:13-109
	android:theme
		ADDED from EO-GameSDK\AndroidManifest.xml:32:13-51
	android:name
		ADDED from EO-GameSDK\AndroidManifest.xml:29:13-65
activity#com.eogame.activity.EOPayActivity
ADDED from EO-GameSDK\AndroidManifest.xml:33:9-38:54
	android:screenOrientation
		ADDED from EO-GameSDK\AndroidManifest.xml:37:13-50
	android:launchMode
		ADDED from EO-GameSDK\AndroidManifest.xml:36:13-43
	android:configChanges
		ADDED from EO-GameSDK\AndroidManifest.xml:35:13-109
	android:theme
		ADDED from EO-GameSDK\AndroidManifest.xml:38:13-51
	android:name
		ADDED from EO-GameSDK\AndroidManifest.xml:34:13-61
activity#com.eogame.activity.EOUserCenterActivity
ADDED from EO-GameSDK\AndroidManifest.xml:39:9-44:54
	android:screenOrientation
		ADDED from EO-GameSDK\AndroidManifest.xml:43:13-50
	android:launchMode
		ADDED from EO-GameSDK\AndroidManifest.xml:42:13-43
	android:configChanges
		ADDED from EO-GameSDK\AndroidManifest.xml:41:13-109
	android:theme
		ADDED from EO-GameSDK\AndroidManifest.xml:44:13-51
	android:name
		ADDED from EO-GameSDK\AndroidManifest.xml:40:13-68
activity#com.eogame.activity.EOWebViewActivity
ADDED from EO-GameSDK\AndroidManifest.xml:45:9-50:80
	android:screenOrientation
		ADDED from EO-GameSDK\AndroidManifest.xml:49:13-49
	android:launchMode
		ADDED from EO-GameSDK\AndroidManifest.xml:48:13-43
	android:configChanges
		ADDED from EO-GameSDK\AndroidManifest.xml:47:13-109
	android:theme
		ADDED from EO-GameSDK\AndroidManifest.xml:50:13-77
	android:name
		ADDED from EO-GameSDK\AndroidManifest.xml:46:13-65
activity#com.eogame.activity.EOWebPayActivity
ADDED from EO-GameSDK\AndroidManifest.xml:51:9-56:80
	android:screenOrientation
		ADDED from EO-GameSDK\AndroidManifest.xml:55:13-49
	android:launchMode
		ADDED from EO-GameSDK\AndroidManifest.xml:54:13-43
	android:configChanges
		ADDED from EO-GameSDK\AndroidManifest.xml:53:13-109
	android:theme
		ADDED from EO-GameSDK\AndroidManifest.xml:56:13-77
	android:name
		ADDED from EO-GameSDK\AndroidManifest.xml:52:13-64
activity#com.eogame.activity.EOWebBrowserActivity
ADDED from EO-GameSDK\AndroidManifest.xml:57:9-62:80
	android:screenOrientation
		ADDED from EO-GameSDK\AndroidManifest.xml:61:13-49
	android:launchMode
		ADDED from EO-GameSDK\AndroidManifest.xml:60:13-43
	android:configChanges
		ADDED from EO-GameSDK\AndroidManifest.xml:59:13-109
	android:theme
		ADDED from EO-GameSDK\AndroidManifest.xml:62:13-77
	android:name
		ADDED from EO-GameSDK\AndroidManifest.xml:58:13-68
activity#tw.com.mycard.paymentsdk.PSDKActivity
ADDED from EO-GameSDK\AndroidManifest.xml:66:9-68:52
	android:screenOrientation
		ADDED from EO-GameSDK\AndroidManifest.xml:68:13-49
	android:name
		ADDED from EO-GameSDK\AndroidManifest.xml:67:13-65
activity#tw.com.mycard.paymentsdk.https.WebViewActivity
ADDED from EO-GameSDK\AndroidManifest.xml:69:9-82:20
	android:screenOrientation
		ADDED from EO-GameSDK\AndroidManifest.xml:72:13-49
	android:launchMode
		ADDED from EO-GameSDK\AndroidManifest.xml:71:13-44
	android:theme
		ADDED from EO-GameSDK\AndroidManifest.xml:73:13-63
	android:name
		ADDED from EO-GameSDK\AndroidManifest.xml:70:13-74
intent-filter#action:name:android.intent.action.VIEW+category:name:android.intent.category.BROWSABLE+category:name:android.intent.category.DEFAULT+data:host:billing+data:scheme:webviewinsdk
ADDED from EO-GameSDK\AndroidManifest.xml:74:13-81:29
action#android.intent.action.VIEW
ADDED from EO-GameSDK\AndroidManifest.xml:75:17-69
	android:name
		ADDED from EO-GameSDK\AndroidManifest.xml:75:25-66
category#android.intent.category.DEFAULT
ADDED from EO-GameSDK\AndroidManifest.xml:76:17-76
	android:name
		ADDED from EO-GameSDK\AndroidManifest.xml:76:27-73
category#android.intent.category.BROWSABLE
ADDED from EO-GameSDK\AndroidManifest.xml:77:17-78
	android:name
		ADDED from EO-GameSDK\AndroidManifest.xml:77:27-75
data
ADDED from EO-GameSDK\AndroidManifest.xml:78:17-80:53
	android:host
		ADDED from EO-GameSDK\AndroidManifest.xml:79:21-43
	android:scheme
		ADDED from EO-GameSDK\AndroidManifest.xml:80:21-50
activity#com.google.zxing.CaptureActivity
ADDED from EO-GameSDK\AndroidManifest.xml:83:9-85:52
	android:screenOrientation
		ADDED from EO-GameSDK\AndroidManifest.xml:85:13-49
	android:name
		ADDED from EO-GameSDK\AndroidManifest.xml:84:13-60
activity#soft_world.mycard.paymentapp.ui.SplashActivity
ADDED from EO-GameSDK\AndroidManifest.xml:87:9-89:52
	android:screenOrientation
		ADDED from EO-GameSDK\AndroidManifest.xml:89:13-49
	android:name
		ADDED from EO-GameSDK\AndroidManifest.xml:88:13-74
activity#soft_world.mycard.paymentapp.ui.MainActivity
ADDED from EO-GameSDK\AndroidManifest.xml:90:9-93:55
	android:screenOrientation
		ADDED from EO-GameSDK\AndroidManifest.xml:92:13-49
	android:windowSoftInputMode
		ADDED from EO-GameSDK\AndroidManifest.xml:93:13-52
	android:name
		ADDED from EO-GameSDK\AndroidManifest.xml:91:13-72
activity#soft_world.mycard.paymentapp.ui.TrainActivity
ADDED from EO-GameSDK\AndroidManifest.xml:94:9-96:52
	android:screenOrientation
		ADDED from EO-GameSDK\AndroidManifest.xml:96:13-49
	android:name
		ADDED from EO-GameSDK\AndroidManifest.xml:95:13-73
activity#soft_world.mycard.paymentapp.ui.billing.BillingWebViewActivity
ADDED from EO-GameSDK\AndroidManifest.xml:97:9-109:20
	android:screenOrientation
		ADDED from EO-GameSDK\AndroidManifest.xml:100:13-49
	android:launchMode
		ADDED from EO-GameSDK\AndroidManifest.xml:99:13-44
	android:name
		ADDED from EO-GameSDK\AndroidManifest.xml:98:13-90
intent-filter#action:name:android.intent.action.VIEW+category:name:android.intent.category.BROWSABLE+category:name:android.intent.category.DEFAULT+data:host:billing+data:scheme:mycardsdkbrowser
ADDED from EO-GameSDK\AndroidManifest.xml:101:13-108:29
activity#com.fet.iap.activity.FetLoginActivity
ADDED from EO-GameSDK\AndroidManifest.xml:110:9-114:55
	android:windowSoftInputMode
		ADDED from EO-GameSDK\AndroidManifest.xml:114:13-52
	android:configChanges
		ADDED from EO-GameSDK\AndroidManifest.xml:112:13-74
	android:theme
		ADDED from EO-GameSDK\AndroidManifest.xml:113:13-72
	android:name
		ADDED from EO-GameSDK\AndroidManifest.xml:111:13-65
activity#com.facebook.FacebookActivity
ADDED from EO-GameSDK\AndroidManifest.xml:118:9-121:48
	android:label
		ADDED from EO-GameSDK\AndroidManifest.xml:121:13-45
	android:configChanges
		ADDED from EO-GameSDK\AndroidManifest.xml:120:13-96
	android:name
		ADDED from EO-GameSDK\AndroidManifest.xml:119:13-57
activity#com.facebook.CustomTabActivity
ADDED from EO-GameSDK\AndroidManifest.xml:122:9-133:20
	android:exported
		ADDED from EO-GameSDK\AndroidManifest.xml:124:13-36
	android:name
		ADDED from EO-GameSDK\AndroidManifest.xml:123:13-58
intent-filter#action:name:android.intent.action.VIEW+category:name:android.intent.category.BROWSABLE+category:name:android.intent.category.DEFAULT+data:scheme:@string/fb_login_protocol_scheme
ADDED from EO-GameSDK\AndroidManifest.xml:125:13-132:29
activity#com.facebook.CustomTabMainActivity
ADDED from EO-GameSDK\AndroidManifest.xml:134:9-146:20
	android:label
		ADDED from EO-GameSDK\AndroidManifest.xml:137:13-45
	android:configChanges
		ADDED from EO-GameSDK\AndroidManifest.xml:136:13-96
	android:name
		ADDED from EO-GameSDK\AndroidManifest.xml:135:13-62
receiver#com.appsflyer.MultipleInstallBroadcastReceiver
ADDED from EO-GameSDK\AndroidManifest.xml:148:9-154:20
	android:exported
		ADDED from EO-GameSDK\AndroidManifest.xml:150:13-36
	android:name
		ADDED from EO-GameSDK\AndroidManifest.xml:149:13-74
intent-filter#action:name:com.android.vending.INSTALL_REFERRER
ADDED from EO-GameSDK\AndroidManifest.xml:151:13-153:29
action#com.android.vending.INSTALL_REFERRER
ADDED from EO-GameSDK\AndroidManifest.xml:152:17-79
	android:name
		ADDED from EO-GameSDK\AndroidManifest.xml:152:25-76
uses-sdk
INJECTED from EO-GameSDK\AndroidManifest.xml reason: use-sdk injection requested
INJECTED from EO-GameSDK\AndroidManifest.xml
INJECTED from EO-GameSDK\AndroidManifest.xml
INJECTED from EO-GameSDK\AndroidManifest.xml
INJECTED from EO-GameSDK\AndroidManifest.xml
	android:targetSdkVersion
		INJECTED from EO-GameSDK\AndroidManifest.xml
		ADDED from EO-GameSDK\AndroidManifest.xml
		INJECTED from EO-GameSDK\AndroidManifest.xml
	android:minSdkVersion
		INJECTED from EO-GameSDK\AndroidManifest.xml
		ADDED from EO-GameSDK\AndroidManifest.xml
		INJECTED from EO-GameSDK\AndroidManifest.xml